<?xml version="1.0" encoding="UTF-8"?>
<!-- Generated by org.testng.reporters.JUnitReportReporter -->
<testsuite skipped="0" hostname="lenovo" name="testcases.SearchResultsPageTest" tests="2" failures="0" timestamp="06 May 2019 05:27:29 GMT" time="36.162" errors="0">
  <testcase name="verify_pageTitle" time="22.039" classname="testcases.SearchResultsPageTest"/>
  <testcase name="search_results" time="14.123" classname="testcases.SearchResultsPageTest"/>
</testsuite> <!-- testcases.SearchResultsPageTest -->
