<?xml version="1.0" encoding="UTF-8"?>
<!-- Generated by org.testng.reporters.JUnitReportReporter -->
<testsuite skipped="0" hostname="lenovo" name="testcases.HomePageTest" tests="1" failures="0" timestamp="06 May 2019 05:27:29 GMT" time="17.265" errors="0">
  <testcase name="verify_homepageTitle" time="17.265" classname="testcases.HomePageTest"/>
</testsuite> <!-- testcases.HomePageTest -->
